<?xml version="1.0" encoding="UTF-8"?>
<!-- Generated by org.testng.reporters.JUnitReportReporter -->
<testsuite hostname="Latitude3590" failures="0" tests="3" name="practice_3Aug2025.Books" time="1.836" errors="0" timestamp="2025-08-04T20:23:14 IST" skipped="0">
  <testcase classname="practice_3Aug2025.Books" name="addBookApiTest" time="0.095"/>
  <testcase classname="practice_3Aug2025.Books" name="addBookApiTest" time="1.645"/>
  <testcase classname="practice_3Aug2025.Books" name="addBookApiTest" time="0.096"/>
</testsuite> <!-- practice_3Aug2025.Books -->
