<?xml version="1.0" encoding="UTF-8"?>
<!-- Generated by org.testng.reporters.JUnitReportReporter -->
<testsuite hostname="Latitude3590" failures="0" tests="2" name="google_maps_api.AddPlaceAPI" time="2.945" errors="0" timestamp="2024-10-10T13:51:47 IST" skipped="0">
  <testcase classname="google_maps_api.AddPlaceAPI" name="addPlace" time="2.754"/>
  <testcase classname="google_maps_api.AddPlaceAPI" name="addPlace" time="0.191"/>
</testsuite> <!-- google_maps_api.AddPlaceAPI -->
