<?xml version="1.0" encoding="UTF-8"?>
<!-- Generated by org.testng.reporters.JUnitReportReporter -->
<testsuite hostname="Latitude3590" failures="0" tests="4" name="practice_3Aug2025.BuisnessLogic" time="1.406" errors="0" timestamp="2025-08-04T01:03:22 IST" skipped="3">
  <testcase classname="practice_3Aug2025.BuisnessLogic" name="checkingSum" time="1.406"/>
  <testcase classname="practice_3Aug2025.BuisnessLogic" name="test">
    <skipped/>
  </testcase> <!-- test -->
  <testcase classname="practice_3Aug2025.BuisnessLogic" name="titleAndPrice">
    <skipped/>
  </testcase> <!-- titleAndPrice -->
  <testcase classname="practice_3Aug2025.BuisnessLogic" name="appiumPrice">
    <skipped/>
  </testcase> <!-- appiumPrice -->
</testsuite> <!-- practice_3Aug2025.BuisnessLogic -->
