<?xml version="1.0" encoding="UTF-8"?>
<!-- Generated by org.testng.reporters.JUnitReportReporter -->
<testsuite hostname="Latitude3590" failures="0" tests="3" name="oauth.OAuth2_AuthorizationCode" time="2.499" errors="0" timestamp="2024-10-09T18:17:18 IST" skipped="0">
  <testcase classname="oauth.OAuth2_AuthorizationCode" name="getAuthorizationcode" time="0.006"/>
  <testcase classname="oauth.OAuth2_AuthorizationCode" name="getAccessToken" time="2.276"/>
  <testcase classname="oauth.OAuth2_AuthorizationCode" name="getCourses" time="0.217"/>
</testsuite> <!-- oauth.OAuth2_AuthorizationCode -->
