<?xml version="1.0" encoding="UTF-8"?>
<!-- Generated by org.testng.reporters.JUnitReportReporter -->
<testsuite hostname="Latitude3590" failures="0" tests="2" name="library_api.Library_API" time="2.682" errors="0" timestamp="2024-10-11T11:46:21 IST" skipped="0">
  <testcase classname="library_api.Library_API" name="addBook" time="2.434"/>
  <testcase classname="library_api.Library_API" name="addBook" time="0.248"/>
</testsuite> <!-- library_api.Library_API -->
