<?xml version="1.0" encoding="UTF-8"?>
<!-- Generated by org.testng.reporters.JUnitReportReporter -->
<testsuite hostname="Latitude3590" failures="0" tests="1" name="exceldata.TestExcel" time="0.781" errors="0" timestamp="2024-10-10T14:27:48 IST" skipped="0">
  <testcase classname="exceldata.TestExcel" name="main" time="0.781"/>
</testsuite> <!-- exceldata.TestExcel -->
