<?xml version="1.0" encoding="UTF-8"?>
<!-- Generated by org.testng.reporters.JUnitReportReporter -->
<testsuite hostname="Latitude3590" failures="0" tests="1" name="google_maps_pojo.AddPlaceAPI" time="2.332" errors="0" timestamp="2024-10-01T15:00:58 IST" skipped="0">
  <testcase classname="google_maps_pojo.AddPlaceAPI" name="addPlace" time="2.332"/>
</testsuite> <!-- google_maps_pojo.AddPlaceAPI -->
