<?xml version="1.0" encoding="UTF-8"?>
<!-- Generated by org.testng.reporters.JUnitReportReporter -->
<testsuite hostname="Latitude3590" failures="0" tests="1" name="practice_3Aug2025.Basics" time="5.630" errors="0" timestamp="2025-08-03T19:30:19 IST" skipped="0">
  <testcase classname="practice_3Aug2025.Basics" name="testFlow" time="5.630"/>
</testsuite> <!-- practice_3Aug2025.Basics -->
