<?xml version="1.0" encoding="UTF-8"?>
<!-- Generated by org.testng.reporters.JUnitReportReporter -->
<testsuite hostname="Latitude3590" failures="0" tests="2" name="graphql_api.GraphQLScript" time="2.534" errors="0" timestamp="2024-10-08T14:18:36 IST" skipped="0">
  <testcase classname="graphql_api.GraphQLScript" name="query" time="0.840"/>
  <testcase classname="graphql_api.GraphQLScript" name="mutation" time="1.694"/>
</testsuite> <!-- graphql_api.GraphQLScript -->
