<?xml version="1.0" encoding="UTF-8"?>
<!-- Generated by org.testng.reporters.JUnitReportReporter -->
<testsuite hostname="Latitude3590" failures="0" tests="5" name="ecommerce_api.EcommerceAppAPI" time="3.262" errors="0" timestamp="2024-10-02T01:57:44 IST" skipped="0">
  <testcase classname="ecommerce_api.EcommerceAppAPI" name="createProduct" time="0.357"/>
  <testcase classname="ecommerce_api.EcommerceAppAPI" name="orderDetails" time="0.184"/>
  <testcase classname="ecommerce_api.EcommerceAppAPI" name="loginApi" time="2.301"/>
  <testcase classname="ecommerce_api.EcommerceAppAPI" name="createOrder" time="0.248"/>
  <testcase classname="ecommerce_api.EcommerceAppAPI" name="deleteProduct" time="0.172"/>
</testsuite> <!-- ecommerce_api.EcommerceAppAPI -->
