<?xml version="1.0" encoding="UTF-8"?>
<!-- Generated by org.testng.reporters.JUnitReportReporter -->
<testsuite hostname="Latitude3590" failures="0" tests="1" name="jira_api.JiraAPI" time="2.642" errors="0" timestamp="2024-09-30T16:52:57 IST" skipped="0">
  <testcase classname="jira_api.JiraAPI" name="getIssue" time="2.642"/>
</testsuite> <!-- jira_api.JiraAPI -->
