<?xml version="1.0" encoding="UTF-8"?>
<!-- Generated by org.testng.reporters.JUnitReportReporter -->
<testsuite hostname="Latitude3590" failures="0" tests="2" name="oauth.OAuth2_ClientCredential" time="2.684" errors="0" timestamp="2024-10-01T12:04:47 IST" skipped="0">
  <testcase classname="oauth.OAuth2_ClientCredential" name="getCourseDetails" time="0.501"/>
  <testcase classname="oauth.OAuth2_ClientCredential" name="authorizationServerEndPoint" time="2.183"/>
</testsuite> <!-- oauth.OAuth2_ClientCredential -->
